<?xml version="1.0" encoding="utf-8"?><testsuites><testsuite name="pytest" errors="0" failures="0" skipped="0" tests="43" time="1.296" timestamp="2023-08-21T11:13:25.403617" hostname="cluster-node2"><testcase classname="tests.addict_test.TestBasicDictOps" name="test_set_one_level_item" time="0.005" /><testcase classname="tests.addict_test.TestBasicDictOps" name="test_set_two_level_items" time="0.003" /><testcase classname="tests.addict_test.TestBasicDictOps" name="test_set_three_level_items" time="0.003" /><testcase classname="tests.addict_test.TestBasicDictOps" name="test_set_one_level_property" time="0.003" /><testcase classname="tests.addict_test.TestBasicDictOps" name="test_set_two_level_properties" time="0.003" /><testcase classname="tests.addict_test.TestBasicDictOps" name="test_set_three_level_properties" time="0.003" /><testcase classname="tests.addict_test.TestBasicDictOps" name="test_init_with_dict" time="0.003" /><testcase classname="tests.addict_test.TestBasicDictOps" name="test_init_with_kws" time="0.003" /><testcase classname="tests.addict_test.TestBasicDictOps" name="test_init_with_tuples" time="0.003" /><testcase classname="tests.addict_test.TestBasicDictOps" name="test_init_with_list" time="0.003" /><testcase classname="tests.addict_test.TestBasicDictOps" name="test_init_with_generator" time="0.003" /><testcase classname="tests.addict_test.TestBasicDictOps" name="test_init_with_tuples_and_empty_list" time="0.003" /><testcase classname="tests.addict_test.TestTracking" name="test_has_track_changes_attr" time="0.003" /><testcase classname="tests.addict_test.TestTracking" name="test_with_one_level_item" time="0.003" /><testcase classname="tests.addict_test.TestTracking" name="test_with_one_level_two_item" time="0.003" /><testcase classname="tests.addict_test.TestTracking" name="test_with_two_level_two_item" time="0.003" /><testcase classname="tests.addict_test.TestTracking" name="test_with_two_level_two_list_item" time="0.003" /><testcase classname="tests.addict_test.TestTracking" name="test_with_two_level_list_dict_item" time="0.003" /><testcase classname="tests.addict_test.TestTracking" name="test_with_two_level_two_dict_item" time="0.003" /><testcase classname="tests.addict_test.TestTracking" name="test_with_two_level_two_tuple_item" time="0.003" /><testcase classname="tests.addict_test.TestTracking" name="test_multiple_rounds_of_set_clear_history" time="0.003" /><testcase classname="tests.addict_test.TestTracking" name="test_clear_changed_history" time="0.003" /><testcase classname="tests.addict_test.TestTracking" name="test_clear_changed_history_list" time="0.003" /><testcase classname="tests.addict_test.TestTracking" name="test_clear_changed_history_dict" time="0.003" /><testcase classname="tests.addict_test.TestTracking" name="test_clear_changed_history_tuple" time="0.003" /><testcase classname="tests.addict_test.TestTracking" name="test_clear_changed_history_with_two_level_list_dict_item" time="0.003" /><testcase classname="tests.addict_test.TestTracking" name="test_to_dict" time="0.004" /><testcase classname="tests.addict_test.TestMisc" name="test_walker" time="0.003" /><testcase classname="tests.addict_test.TestMisc" name="test_walker_with_guards" time="0.003" /><testcase classname="tests.addict_test.TestMisc" name="test_modify_frozen" time="0.004" /><testcase classname="tests.addict_test.TestMisc" name="test_modify_nested_frozen" time="0.003" /><testcase classname="tests.addict_test.TestMisc" name="test_unfreeze" time="0.004" /><testcase classname="tests.addict_test.TestMisc" name="test_pickle" time="0.005" /><testcase classname="tests.addict_test.TestMisc" name="test_changed_history_on_untracked_dict" time="0.002" /><testcase classname="tests.addict_test.TestMisc" name="test_del_tracked_attribute" time="0.003" /><testcase classname="tests.addict_test.TestMisc" name="test_opaque_dist" time="0.003" /><testcase classname="tests.addict_test.TestMisc" name="test_initialization_non_dict" time="0.003" /><testcase classname="tests.addict_test.TestMisc" name="test_shallow_copy" time="0.003" /><testcase classname="tests.addict_test.TestMisc" name="test_deep_copy" time="0.003" /><testcase classname="tests.addict_test.TestDpath" name="test_add_via_dnew" time="0.003" /><testcase classname="tests.addict_test.TestDpath" name="test_del_via_ddelete" time="0.006" /><testcase classname="tests.addict_test.TestDpath" name="test_dset_ddelete" time="0.021" /><testcase classname="tests.addict_test.TestInitialization" name="test_init_tuple" time="0.002" /></testsuite></testsuites>