<?xml version="1.0" encoding="utf-8"?><testsuites><testsuite name="pytest" errors="0" failures="0" skipped="0" tests="241" time="4.214" timestamp="2023-08-20T16:08:09.847123" hostname="cluster-node2"><testcase classname="tests.twtags_test" name="test_tw_feature_value[tw_feature0-attr_color0-50]" time="0.009" /><testcase classname="tests.twtags_test" name="test_tw_feature_value[tw_feature0-attr_color0-100]" time="0.006" /><testcase classname="tests.twtags_test" name="test_tw_feature_value[tw_feature0-attr_color0-500]" time="0.004" /><testcase classname="tests.twtags_test" name="test_tw_feature_value[tw_feature0-attr_color0-1]" time="0.004" /><testcase classname="tests.twtags_test" name="test_tw_feature_value[tw_feature0-attr_color0-5]" time="0.005" /><testcase classname="tests.twtags_test" name="test_tw_feature_value[tw_feature0-attr_color1-50]" time="0.005" /><testcase classname="tests.twtags_test" name="test_tw_feature_value[tw_feature0-attr_color1-100]" time="0.004" /><testcase classname="tests.twtags_test" name="test_tw_feature_value[tw_feature0-attr_color1-500]" time="0.005" /><testcase classname="tests.twtags_test" name="test_tw_feature_value[tw_feature0-attr_color1-1]" time="0.004" /><testcase classname="tests.twtags_test" name="test_tw_feature_value[tw_feature0-attr_color1-5]" time="0.004" /><testcase classname="tests.twtags_test" name="test_tw_feature_value[tw_feature0-attr_color2-50]" time="0.005" /><testcase classname="tests.twtags_test" name="test_tw_feature_value[tw_feature0-attr_color2-100]" time="0.004" /><testcase classname="tests.twtags_test" name="test_tw_feature_value[tw_feature0-attr_color2-500]" time="0.004" /><testcase classname="tests.twtags_test" name="test_tw_feature_value[tw_feature0-attr_color2-1]" time="0.005" /><testcase classname="tests.twtags_test" name="test_tw_feature_value[tw_feature0-attr_color2-5]" time="0.004" /><testcase classname="tests.twtags_test" name="test_tw_feature_value[tw_feature1-attr_color0-50]" time="0.004" /><testcase classname="tests.twtags_test" name="test_tw_feature_value[tw_feature1-attr_color0-100]" time="0.005" /><testcase classname="tests.twtags_test" name="test_tw_feature_value[tw_feature1-attr_color0-500]" time="0.004" /><testcase classname="tests.twtags_test" name="test_tw_feature_value[tw_feature1-attr_color0-1]" time="0.004" /><testcase classname="tests.twtags_test" name="test_tw_feature_value[tw_feature1-attr_color0-5]" time="0.005" /><testcase classname="tests.twtags_test" name="test_tw_feature_value[tw_feature1-attr_color1-50]" time="0.005" /><testcase classname="tests.twtags_test" name="test_tw_feature_value[tw_feature1-attr_color1-100]" time="0.004" /><testcase classname="tests.twtags_test" name="test_tw_feature_value[tw_feature1-attr_color1-500]" time="0.005" /><testcase classname="tests.twtags_test" name="test_tw_feature_value[tw_feature1-attr_color1-1]" time="0.004" /><testcase classname="tests.twtags_test" name="test_tw_feature_value[tw_feature1-attr_color1-5]" time="0.004" /><testcase classname="tests.twtags_test" name="test_tw_feature_value[tw_feature1-attr_color2-50]" time="0.005" /><testcase classname="tests.twtags_test" name="test_tw_feature_value[tw_feature1-attr_color2-100]" time="0.004" /><testcase classname="tests.twtags_test" name="test_tw_feature_value[tw_feature1-attr_color2-500]" time="0.004" /><testcase classname="tests.twtags_test" name="test_tw_feature_value[tw_feature1-attr_color2-1]" time="0.005" /><testcase classname="tests.twtags_test" name="test_tw_feature_value[tw_feature1-attr_color2-5]" time="0.004" /><testcase classname="tests.twtags_test" name="test_tw_feature_value[tw_feature2-attr_color0-50]" time="0.005" /><testcase classname="tests.twtags_test" name="test_tw_feature_value[tw_feature2-attr_color0-100]" time="0.006" /><testcase classname="tests.twtags_test" name="test_tw_feature_value[tw_feature2-attr_color0-500]" time="0.005" /><testcase classname="tests.twtags_test" name="test_tw_feature_value[tw_feature2-attr_color0-1]" time="0.004" /><testcase classname="tests.twtags_test" name="test_tw_feature_value[tw_feature2-attr_color0-5]" time="0.004" /><testcase classname="tests.twtags_test" name="test_tw_feature_value[tw_feature2-attr_color1-50]" time="0.004" /><testcase classname="tests.twtags_test" name="test_tw_feature_value[tw_feature2-attr_color1-100]" time="0.004" /><testcase classname="tests.twtags_test" name="test_tw_feature_value[tw_feature2-attr_color1-500]" time="0.005" /><testcase classname="tests.twtags_test" name="test_tw_feature_value[tw_feature2-attr_color1-1]" time="0.004" /><testcase classname="tests.twtags_test" name="test_tw_feature_value[tw_feature2-attr_color1-5]" time="0.004" /><testcase classname="tests.twtags_test" name="test_tw_feature_value[tw_feature2-attr_color2-50]" time="0.005" /><testcase classname="tests.twtags_test" name="test_tw_feature_value[tw_feature2-attr_color2-100]" time="0.004" /><testcase classname="tests.twtags_test" name="test_tw_feature_value[tw_feature2-attr_color2-500]" time="0.004" /><testcase classname="tests.twtags_test" name="test_tw_feature_value[tw_feature2-attr_color2-1]" time="0.005" /><testcase classname="tests.twtags_test" name="test_tw_feature_value[tw_feature2-attr_color2-5]" time="0.004" /><testcase classname="tests.twtags_test" name="test_comment_out[tw_feature0-attr_color0-50]" time="0.005" /><testcase classname="tests.twtags_test" name="test_comment_out[tw_feature0-attr_color0-100]" time="0.005" /><testcase classname="tests.twtags_test" name="test_comment_out[tw_feature0-attr_color0-500]" time="0.005" /><testcase classname="tests.twtags_test" name="test_comment_out[tw_feature0-attr_color0-1]" time="0.005" /><testcase classname="tests.twtags_test" name="test_comment_out[tw_feature0-attr_color0-5]" time="0.004" /><testcase classname="tests.twtags_test" name="test_comment_out[tw_feature0-attr_color1-50]" time="0.004" /><testcase classname="tests.twtags_test" name="test_comment_out[tw_feature0-attr_color1-100]" time="0.005" /><testcase classname="tests.twtags_test" name="test_comment_out[tw_feature0-attr_color1-500]" time="0.004" /><testcase classname="tests.twtags_test" name="test_comment_out[tw_feature0-attr_color1-1]" time="0.004" /><testcase classname="tests.twtags_test" name="test_comment_out[tw_feature0-attr_color1-5]" time="0.005" /><testcase classname="tests.twtags_test" name="test_comment_out[tw_feature0-attr_color2-50]" time="0.004" /><testcase classname="tests.twtags_test" name="test_comment_out[tw_feature0-attr_color2-100]" time="0.004" /><testcase classname="tests.twtags_test" name="test_comment_out[tw_feature0-attr_color2-500]" time="0.005" /><testcase classname="tests.twtags_test" name="test_comment_out[tw_feature0-attr_color2-1]" time="0.004" /><testcase classname="tests.twtags_test" name="test_comment_out[tw_feature0-attr_color2-5]" time="0.005" /><testcase classname="tests.twtags_test" name="test_comment_out[tw_feature1-attr_color0-50]" time="0.005" /><testcase classname="tests.twtags_test" name="test_comment_out[tw_feature1-attr_color0-100]" time="0.004" /><testcase classname="tests.twtags_test" name="test_comment_out[tw_feature1-attr_color0-500]" time="0.004" /><testcase classname="tests.twtags_test" name="test_comment_out[tw_feature1-attr_color0-1]" time="0.005" /><testcase classname="tests.twtags_test" name="test_comment_out[tw_feature1-attr_color0-5]" time="0.004" /><testcase classname="tests.twtags_test" name="test_comment_out[tw_feature1-attr_color1-50]" time="0.004" /><testcase classname="tests.twtags_test" name="test_comment_out[tw_feature1-attr_color1-100]" time="0.005" /><testcase classname="tests.twtags_test" name="test_comment_out[tw_feature1-attr_color1-500]" time="0.004" /><testcase classname="tests.twtags_test" name="test_comment_out[tw_feature1-attr_color1-1]" time="0.004" /><testcase classname="tests.twtags_test" name="test_comment_out[tw_feature1-attr_color1-5]" time="0.005" /><testcase classname="tests.twtags_test" name="test_comment_out[tw_feature1-attr_color2-50]" time="0.004" /><testcase classname="tests.twtags_test" name="test_comment_out[tw_feature1-attr_color2-100]" time="0.004" /><testcase classname="tests.twtags_test" name="test_comment_out[tw_feature1-attr_color2-500]" time="0.005" /><testcase classname="tests.twtags_test" name="test_comment_out[tw_feature1-attr_color2-1]" time="0.005" /><testcase classname="tests.twtags_test" name="test_comment_out[tw_feature1-attr_color2-5]" time="0.004" /><testcase classname="tests.twtags_test" name="test_comment_out[tw_feature2-attr_color0-50]" time="0.005" /><testcase classname="tests.twtags_test" name="test_comment_out[tw_feature2-attr_color0-100]" time="0.005" /><testcase classname="tests.twtags_test" name="test_comment_out[tw_feature2-attr_color0-500]" time="0.005" /><testcase classname="tests.twtags_test" name="test_comment_out[tw_feature2-attr_color0-1]" time="0.004" /><testcase classname="tests.twtags_test" name="test_comment_out[tw_feature2-attr_color0-5]" time="0.004" /><testcase classname="tests.twtags_test" name="test_comment_out[tw_feature2-attr_color1-50]" time="0.004" /><testcase classname="tests.twtags_test" name="test_comment_out[tw_feature2-attr_color1-100]" time="0.005" /><testcase classname="tests.twtags_test" name="test_comment_out[tw_feature2-attr_color1-500]" time="0.004" /><testcase classname="tests.twtags_test" name="test_comment_out[tw_feature2-attr_color1-1]" time="0.004" /><testcase classname="tests.twtags_test" name="test_comment_out[tw_feature2-attr_color1-5]" time="0.005" /><testcase classname="tests.twtags_test" name="test_comment_out[tw_feature2-attr_color2-50]" time="0.004" /><testcase classname="tests.twtags_test" name="test_comment_out[tw_feature2-attr_color2-100]" time="0.004" /><testcase classname="tests.twtags_test" name="test_comment_out[tw_feature2-attr_color2-500]" time="0.005" /><testcase classname="tests.twtags_test" name="test_comment_out[tw_feature2-attr_color2-1]" time="0.004" /><testcase classname="tests.twtags_test" name="test_comment_out[tw_feature2-attr_color2-5]" time="0.004" /><testcase classname="tests.twtags_test" name="test_mrpd_expr_utility[tw_mrpd0-sides0]" time="0.005" /><testcase classname="tests.twtags_test" name="test_mrpd_expr_utility[tw_mrpd0-sides1]" time="0.004" /><testcase classname="tests.twtags_test" name="test_mrpd_expr_utility[tw_mrpd0-sides2]" time="0.004" /><testcase classname="tests.twtags_test" name="test_mrpd_expr_utility[tw_mrpd0-sides3]" time="0.004" /><testcase classname="tests.twtags_test" name="test_mrpd_expr_utility[tw_mrpd1-sides0]" time="0.004" /><testcase classname="tests.twtags_test" name="test_mrpd_expr_utility[tw_mrpd1-sides1]" time="0.004" /><testcase classname="tests.twtags_test" name="test_mrpd_expr_utility[tw_mrpd1-sides2]" time="0.004" /><testcase classname="tests.twtags_test" name="test_mrpd_expr_utility[tw_mrpd1-sides3]" time="0.004" /><testcase classname="tests.twtags_test" name="test_mrpd_utility[tw_mrpd0]" time="0.003" /><testcase classname="tests.twtags_test" name="test_mrpd_utility[tw_mrpd1]" time="0.003" /><testcase classname="tests.twtags_test" name="test_conc_twtags" time="0.003" /><testcase classname="tests.twtags_test" name="test_conc_twtags_same_tagtype" time="0.002" /><testcase classname="tests.twtags_test" name="test_conc_twtags_diff_style_values" time="0.002" /><testcase classname="tests.twtags_test" name="test_bg_color_opacity" time="0.003" /><testcase classname="tests.twtags_test" name="test_outline_boxshadow_tags_and_values" time="0.002" /><testcase classname="tests.twtags_test" name="test_remove_from_twtag_list" time="0.003" /><testcase classname="tests.twtags_test" name="test_remove_absent_item_scenario1" time="0.004" /><testcase classname="tests.twtags_test" name="test_sty_to_json_color_utility_class[tw_feature0-attr_color0-50]" time="0.005" /><testcase classname="tests.twtags_test" name="test_sty_to_json_color_utility_class[tw_feature0-attr_color0-100]" time="0.005" /><testcase classname="tests.twtags_test" name="test_sty_to_json_color_utility_class[tw_feature0-attr_color0-500]" time="0.005" /><testcase classname="tests.twtags_test" name="test_sty_to_json_color_utility_class[tw_feature0-attr_color0-1]" time="0.005" /><testcase classname="tests.twtags_test" name="test_sty_to_json_color_utility_class[tw_feature0-attr_color0-5]" time="0.005" /><testcase classname="tests.twtags_test" name="test_sty_to_json_color_utility_class[tw_feature0-attr_color1-50]" time="0.006" /><testcase classname="tests.twtags_test" name="test_sty_to_json_color_utility_class[tw_feature0-attr_color1-100]" time="0.005" /><testcase classname="tests.twtags_test" name="test_sty_to_json_color_utility_class[tw_feature0-attr_color1-500]" time="0.005" /><testcase classname="tests.twtags_test" name="test_sty_to_json_color_utility_class[tw_feature0-attr_color1-1]" time="0.009" /><testcase classname="tests.twtags_test" name="test_sty_to_json_color_utility_class[tw_feature0-attr_color1-5]" time="0.009" /><testcase classname="tests.twtags_test" name="test_sty_to_json_color_utility_class[tw_feature0-attr_color2-50]" time="0.009" /><testcase classname="tests.twtags_test" name="test_sty_to_json_color_utility_class[tw_feature0-attr_color2-100]" time="0.007" /><testcase classname="tests.twtags_test" name="test_sty_to_json_color_utility_class[tw_feature0-attr_color2-500]" time="0.005" /><testcase classname="tests.twtags_test" name="test_sty_to_json_color_utility_class[tw_feature0-attr_color2-1]" time="0.005" /><testcase classname="tests.twtags_test" name="test_sty_to_json_color_utility_class[tw_feature0-attr_color2-5]" time="0.005" /><testcase classname="tests.twtags_test" name="test_sty_to_json_color_utility_class[tw_feature1-attr_color0-50]" time="0.005" /><testcase classname="tests.twtags_test" name="test_sty_to_json_color_utility_class[tw_feature1-attr_color0-100]" time="0.005" /><testcase classname="tests.twtags_test" name="test_sty_to_json_color_utility_class[tw_feature1-attr_color0-500]" time="0.005" /><testcase classname="tests.twtags_test" name="test_sty_to_json_color_utility_class[tw_feature1-attr_color0-1]" time="0.005" /><testcase classname="tests.twtags_test" name="test_sty_to_json_color_utility_class[tw_feature1-attr_color0-5]" time="0.005" /><testcase classname="tests.twtags_test" name="test_sty_to_json_color_utility_class[tw_feature1-attr_color1-50]" time="0.005" /><testcase classname="tests.twtags_test" name="test_sty_to_json_color_utility_class[tw_feature1-attr_color1-100]" time="0.005" /><testcase classname="tests.twtags_test" name="test_sty_to_json_color_utility_class[tw_feature1-attr_color1-500]" time="0.005" /><testcase classname="tests.twtags_test" name="test_sty_to_json_color_utility_class[tw_feature1-attr_color1-1]" time="0.005" /><testcase classname="tests.twtags_test" name="test_sty_to_json_color_utility_class[tw_feature1-attr_color1-5]" time="0.005" /><testcase classname="tests.twtags_test" name="test_sty_to_json_color_utility_class[tw_feature1-attr_color2-50]" time="0.005" /><testcase classname="tests.twtags_test" name="test_sty_to_json_color_utility_class[tw_feature1-attr_color2-100]" time="0.005" /><testcase classname="tests.twtags_test" name="test_sty_to_json_color_utility_class[tw_feature1-attr_color2-500]" time="0.005" /><testcase classname="tests.twtags_test" name="test_sty_to_json_color_utility_class[tw_feature1-attr_color2-1]" time="0.005" /><testcase classname="tests.twtags_test" name="test_sty_to_json_color_utility_class[tw_feature1-attr_color2-5]" time="0.005" /><testcase classname="tests.twtags_test" name="test_sty_to_json_color_utility_class[tw_feature2-attr_color0-50]" time="0.005" /><testcase classname="tests.twtags_test" name="test_sty_to_json_color_utility_class[tw_feature2-attr_color0-100]" time="0.005" /><testcase classname="tests.twtags_test" name="test_sty_to_json_color_utility_class[tw_feature2-attr_color0-500]" time="0.005" /><testcase classname="tests.twtags_test" name="test_sty_to_json_color_utility_class[tw_feature2-attr_color0-1]" time="0.005" /><testcase classname="tests.twtags_test" name="test_sty_to_json_color_utility_class[tw_feature2-attr_color0-5]" time="0.005" /><testcase classname="tests.twtags_test" name="test_sty_to_json_color_utility_class[tw_feature2-attr_color1-50]" time="0.005" /><testcase classname="tests.twtags_test" name="test_sty_to_json_color_utility_class[tw_feature2-attr_color1-100]" time="0.005" /><testcase classname="tests.twtags_test" name="test_sty_to_json_color_utility_class[tw_feature2-attr_color1-500]" time="0.005" /><testcase classname="tests.twtags_test" name="test_sty_to_json_color_utility_class[tw_feature2-attr_color1-1]" time="0.005" /><testcase classname="tests.twtags_test" name="test_sty_to_json_color_utility_class[tw_feature2-attr_color1-5]" time="0.005" /><testcase classname="tests.twtags_test" name="test_sty_to_json_color_utility_class[tw_feature2-attr_color2-50]" time="0.005" /><testcase classname="tests.twtags_test" name="test_sty_to_json_color_utility_class[tw_feature2-attr_color2-100]" time="0.005" /><testcase classname="tests.twtags_test" name="test_sty_to_json_color_utility_class[tw_feature2-attr_color2-500]" time="0.005" /><testcase classname="tests.twtags_test" name="test_sty_to_json_color_utility_class[tw_feature2-attr_color2-1]" time="0.005" /><testcase classname="tests.twtags_test" name="test_sty_to_json_color_utility_class[tw_feature2-attr_color2-5]" time="0.005" /><testcase classname="tests.twtags_test" name="test_sty_to_json_other_utility_class[tw_mrpd0-sides0]" time="0.005" /><testcase classname="tests.twtags_test" name="test_sty_to_json_other_utility_class[tw_mrpd0-sides1]" time="0.005" /><testcase classname="tests.twtags_test" name="test_sty_to_json_other_utility_class[tw_mrpd0-sides2]" time="0.004" /><testcase classname="tests.twtags_test" name="test_sty_to_json_other_utility_class[tw_mrpd0-sides3]" time="0.005" /><testcase classname="tests.twtags_test" name="test_sty_to_json_other_utility_class[tw_mrpd1-sides0]" time="0.004" /><testcase classname="tests.twtags_test" name="test_sty_to_json_other_utility_class[tw_mrpd1-sides1]" time="0.005" /><testcase classname="tests.twtags_test" name="test_sty_to_json_other_utility_class[tw_mrpd1-sides2]" time="0.005" /><testcase classname="tests.twtags_test" name="test_sty_to_json_other_utility_class[tw_mrpd1-sides3]" time="0.004" /><testcase classname="tests.twtags_test" name="test_sty_to_json_value_class[b]" time="0.003" /><testcase classname="tests.twtags_test" name="test_sty_to_json_value_class[bi]" time="0.004" /><testcase classname="tests.twtags_test" name="test_json_to_tw_expr_case_idiv_color[tw_feature0-attr_color0-50]" time="0.006" /><testcase classname="tests.twtags_test" name="test_json_to_tw_expr_case_idiv_color[tw_feature0-attr_color0-100]" time="0.005" /><testcase classname="tests.twtags_test" name="test_json_to_tw_expr_case_idiv_color[tw_feature0-attr_color0-500]" time="0.005" /><testcase classname="tests.twtags_test" name="test_json_to_tw_expr_case_idiv_color[tw_feature0-attr_color0-1]" time="0.005" /><testcase classname="tests.twtags_test" name="test_json_to_tw_expr_case_idiv_color[tw_feature0-attr_color0-5]" time="0.006" /><testcase classname="tests.twtags_test" name="test_json_to_tw_expr_case_idiv_color[tw_feature0-attr_color1-50]" time="0.005" /><testcase classname="tests.twtags_test" name="test_json_to_tw_expr_case_idiv_color[tw_feature0-attr_color1-100]" time="0.006" /><testcase classname="tests.twtags_test" name="test_json_to_tw_expr_case_idiv_color[tw_feature0-attr_color1-500]" time="0.005" /><testcase classname="tests.twtags_test" name="test_json_to_tw_expr_case_idiv_color[tw_feature0-attr_color1-1]" time="0.006" /><testcase classname="tests.twtags_test" name="test_json_to_tw_expr_case_idiv_color[tw_feature0-attr_color1-5]" time="0.005" /><testcase classname="tests.twtags_test" name="test_json_to_tw_expr_case_idiv_color[tw_feature0-attr_color2-50]" time="0.006" /><testcase classname="tests.twtags_test" name="test_json_to_tw_expr_case_idiv_color[tw_feature0-attr_color2-100]" time="0.006" /><testcase classname="tests.twtags_test" name="test_json_to_tw_expr_case_idiv_color[tw_feature0-attr_color2-500]" time="0.006" /><testcase classname="tests.twtags_test" name="test_json_to_tw_expr_case_idiv_color[tw_feature0-attr_color2-1]" time="0.006" /><testcase classname="tests.twtags_test" name="test_json_to_tw_expr_case_idiv_color[tw_feature0-attr_color2-5]" time="0.006" /><testcase classname="tests.twtags_test" name="test_json_to_tw_expr_case_idiv_color[tw_feature1-attr_color0-50]" time="0.006" /><testcase classname="tests.twtags_test" name="test_json_to_tw_expr_case_idiv_color[tw_feature1-attr_color0-100]" time="0.006" /><testcase classname="tests.twtags_test" name="test_json_to_tw_expr_case_idiv_color[tw_feature1-attr_color0-500]" time="0.006" /><testcase classname="tests.twtags_test" name="test_json_to_tw_expr_case_idiv_color[tw_feature1-attr_color0-1]" time="0.006" /><testcase classname="tests.twtags_test" name="test_json_to_tw_expr_case_idiv_color[tw_feature1-attr_color0-5]" time="0.006" /><testcase classname="tests.twtags_test" name="test_json_to_tw_expr_case_idiv_color[tw_feature1-attr_color1-50]" time="0.010" /><testcase classname="tests.twtags_test" name="test_json_to_tw_expr_case_idiv_color[tw_feature1-attr_color1-100]" time="0.005" /><testcase classname="tests.twtags_test" name="test_json_to_tw_expr_case_idiv_color[tw_feature1-attr_color1-500]" time="0.006" /><testcase classname="tests.twtags_test" name="test_json_to_tw_expr_case_idiv_color[tw_feature1-attr_color1-1]" time="0.005" /><testcase classname="tests.twtags_test" name="test_json_to_tw_expr_case_idiv_color[tw_feature1-attr_color1-5]" time="0.006" /><testcase classname="tests.twtags_test" name="test_json_to_tw_expr_case_idiv_color[tw_feature1-attr_color2-50]" time="0.006" /><testcase classname="tests.twtags_test" name="test_json_to_tw_expr_case_idiv_color[tw_feature1-attr_color2-100]" time="0.005" /><testcase classname="tests.twtags_test" name="test_json_to_tw_expr_case_idiv_color[tw_feature1-attr_color2-500]" time="0.005" /><testcase classname="tests.twtags_test" name="test_json_to_tw_expr_case_idiv_color[tw_feature1-attr_color2-1]" time="0.006" /><testcase classname="tests.twtags_test" name="test_json_to_tw_expr_case_idiv_color[tw_feature1-attr_color2-5]" time="0.006" /><testcase classname="tests.twtags_test" name="test_json_to_tw_expr_case_idiv_color[tw_feature2-attr_color0-50]" time="0.006" /><testcase classname="tests.twtags_test" name="test_json_to_tw_expr_case_idiv_color[tw_feature2-attr_color0-100]" time="0.005" /><testcase classname="tests.twtags_test" name="test_json_to_tw_expr_case_idiv_color[tw_feature2-attr_color0-500]" time="0.005" /><testcase classname="tests.twtags_test" name="test_json_to_tw_expr_case_idiv_color[tw_feature2-attr_color0-1]" time="0.005" /><testcase classname="tests.twtags_test" name="test_json_to_tw_expr_case_idiv_color[tw_feature2-attr_color0-5]" time="0.005" /><testcase classname="tests.twtags_test" name="test_json_to_tw_expr_case_idiv_color[tw_feature2-attr_color1-50]" time="0.006" /><testcase classname="tests.twtags_test" name="test_json_to_tw_expr_case_idiv_color[tw_feature2-attr_color1-100]" time="0.005" /><testcase classname="tests.twtags_test" name="test_json_to_tw_expr_case_idiv_color[tw_feature2-attr_color1-500]" time="0.006" /><testcase classname="tests.twtags_test" name="test_json_to_tw_expr_case_idiv_color[tw_feature2-attr_color1-1]" time="0.005" /><testcase classname="tests.twtags_test" name="test_json_to_tw_expr_case_idiv_color[tw_feature2-attr_color1-5]" time="0.006" /><testcase classname="tests.twtags_test" name="test_json_to_tw_expr_case_idiv_color[tw_feature2-attr_color2-50]" time="0.005" /><testcase classname="tests.twtags_test" name="test_json_to_tw_expr_case_idiv_color[tw_feature2-attr_color2-100]" time="0.006" /><testcase classname="tests.twtags_test" name="test_json_to_tw_expr_case_idiv_color[tw_feature2-attr_color2-500]" time="0.005" /><testcase classname="tests.twtags_test" name="test_json_to_tw_expr_case_idiv_color[tw_feature2-attr_color2-1]" time="0.006" /><testcase classname="tests.twtags_test" name="test_json_to_tw_expr_case_idiv_color[tw_feature2-attr_color2-5]" time="0.006" /><testcase classname="tests.twtags_test" name="test_json_to_tw_expr_case_idiv_mrpd[tw_mrpd0-sides0]" time="0.006" /><testcase classname="tests.twtags_test" name="test_json_to_tw_expr_case_idiv_mrpd[tw_mrpd0-sides1]" time="0.006" /><testcase classname="tests.twtags_test" name="test_json_to_tw_expr_case_idiv_mrpd[tw_mrpd0-sides2]" time="0.005" /><testcase classname="tests.twtags_test" name="test_json_to_tw_expr_case_idiv_mrpd[tw_mrpd0-sides3]" time="0.005" /><testcase classname="tests.twtags_test" name="test_json_to_tw_expr_case_idiv_mrpd[tw_mrpd1-sides0]" time="0.006" /><testcase classname="tests.twtags_test" name="test_json_to_tw_expr_case_idiv_mrpd[tw_mrpd1-sides1]" time="0.005" /><testcase classname="tests.twtags_test" name="test_json_to_tw_expr_case_idiv_mrpd[tw_mrpd1-sides2]" time="0.005" /><testcase classname="tests.twtags_test" name="test_json_to_tw_expr_case_idiv_mrpd[tw_mrpd1-sides3]" time="0.005" /><testcase classname="tests.twtags_test" name="test_json_to_tw_expr_case_sty_value[b]" time="0.004" /><testcase classname="tests.twtags_test" name="test_json_to_tw_expr_case_sty_value[bi]" time="0.004" /><testcase classname="tests.twtags_test" name="test_to_json_sty_value_psuedo_class[b-hover]" time="0.005" /><testcase classname="tests.twtags_test" name="test_to_json_sty_value_psuedo_class[b-placeholder]" time="0.005" /><testcase classname="tests.twtags_test" name="test_to_json_sty_value_psuedo_class[b-selection]" time="0.004" /><testcase classname="tests.twtags_test" name="test_to_json_sty_value_psuedo_class[bi-hover]" time="0.005" /><testcase classname="tests.twtags_test" name="test_to_json_sty_value_psuedo_class[bi-placeholder]" time="0.004" /><testcase classname="tests.twtags_test" name="test_to_json_sty_value_psuedo_class[bi-selection]" time="0.005" /><testcase classname="tests.twtags_test" name="test_to_json_sty_value_nested_psuedo_class[b-hover-hover]" time="0.005" /><testcase classname="tests.twtags_test" name="test_to_json_sty_value_nested_psuedo_class[b-hover-placeholder]" time="0.005" /><testcase classname="tests.twtags_test" name="test_to_json_sty_value_nested_psuedo_class[b-hover-selection]" time="0.005" /><testcase classname="tests.twtags_test" name="test_to_json_sty_value_nested_psuedo_class[b-placeholder-hover]" time="0.005" /><testcase classname="tests.twtags_test" name="test_to_json_sty_value_nested_psuedo_class[b-placeholder-placeholder]" time="0.005" /><testcase classname="tests.twtags_test" name="test_to_json_sty_value_nested_psuedo_class[b-placeholder-selection]" time="0.005" /><testcase classname="tests.twtags_test" name="test_to_json_sty_value_nested_psuedo_class[b-selection-hover]" time="0.005" /><testcase classname="tests.twtags_test" name="test_to_json_sty_value_nested_psuedo_class[b-selection-placeholder]" time="0.005" /><testcase classname="tests.twtags_test" name="test_to_json_sty_value_nested_psuedo_class[b-selection-selection]" time="0.005" /><testcase classname="tests.twtags_test" name="test_to_json_sty_value_nested_psuedo_class[bi-hover-hover]" time="0.004" /><testcase classname="tests.twtags_test" name="test_to_json_sty_value_nested_psuedo_class[bi-hover-placeholder]" time="0.006" /><testcase classname="tests.twtags_test" name="test_to_json_sty_value_nested_psuedo_class[bi-hover-selection]" time="0.005" /><testcase classname="tests.twtags_test" name="test_to_json_sty_value_nested_psuedo_class[bi-placeholder-hover]" time="0.005" /><testcase classname="tests.twtags_test" name="test_to_json_sty_value_nested_psuedo_class[bi-placeholder-placeholder]" time="0.005" /><testcase classname="tests.twtags_test" name="test_to_json_sty_value_nested_psuedo_class[bi-placeholder-selection]" time="0.006" /><testcase classname="tests.twtags_test" name="test_to_json_sty_value_nested_psuedo_class[bi-selection-hover]" time="0.005" /><testcase classname="tests.twtags_test" name="test_to_json_sty_value_nested_psuedo_class[bi-selection-placeholder]" time="0.005" /><testcase classname="tests.twtags_test" name="test_to_json_sty_value_nested_psuedo_class[bi-selection-selection]" time="0.005" /></testsuite></testsuites>